[debug] [2024-11-21T10:36:33.960Z] ----------------------------------------------------------------------
[debug] [2024-11-21T10:36:33.962Z] Command:       C:\Program Files\nodejs\node.exe C:\Users\kushal\AppData\Roaming\npm\node_modules\firebase-tools\lib\bin\firebase.js init
[debug] [2024-11-21T10:36:33.963Z] CLI Version:   13.26.0
[debug] [2024-11-21T10:36:33.963Z] Platform:      win32
[debug] [2024-11-21T10:36:33.963Z] Node Version:  v20.14.0
[debug] [2024-11-21T10:36:33.963Z] Time:          Thu Nov 21 2024 16:06:33 GMT+0530 (India Standard Time)
[debug] [2024-11-21T10:36:33.963Z] ----------------------------------------------------------------------
[debug] 
[debug] [2024-11-21T10:36:33.970Z] > command requires scopes: ["email","openid","https://www.googleapis.com/auth/cloudplatformprojects.readonly","https://www.googleapis.com/auth/firebase","https://www.googleapis.com/auth/cloud-platform"]
[debug] [2024-11-21T10:36:33.970Z] > authorizing via signed-in user (kushalyadav440@gmail.com)
[info] 
     ######## #### ########  ######## ########     ###     ######  ########
     ##        ##  ##     ## ##       ##     ##  ##   ##  ##       ##
     ######    ##  ########  ######   ########  #########  ######  ######
     ##        ##  ##    ##  ##       ##     ## ##     ##       ## ##
     ##       #### ##     ## ######## ########  ##     ##  ######  ########

You're about to initialize a Firebase project in this directory:

  E:\Programming\Projects\FSD-Sem4-Project\ecf2

[info] 
=== Project Setup
[info] 
[info] First, let's associate this project directory with a Firebase project.
[info] You can create multiple project aliases by running firebase use --add, 
[info] but for now we'll just set up a default project.
[info] 
[debug] [2024-11-21T10:36:47.136Z] Checked if tokens are valid: true, expires at: 1732188911435
[debug] [2024-11-21T10:36:47.136Z] Checked if tokens are valid: true, expires at: 1732188911435
[debug] [2024-11-21T10:36:47.137Z] >>> [apiv2][query] GET https://firebase.googleapis.com/v1beta1/projects pageSize=100
[debug] [2024-11-21T10:36:50.583Z] <<< [apiv2][status] GET https://firebase.googleapis.com/v1beta1/projects 200
[debug] [2024-11-21T10:36:50.583Z] <<< [apiv2][body] GET https://firebase.googleapis.com/v1beta1/projects [omitted]
[info] i  Using project crowd-funding-website (crowd funding website) 
[info] 
=== Hosting Setup
[debug] [2024-11-21T10:36:57.050Z] Checked if tokens are valid: true, expires at: 1732188911435
[debug] [2024-11-21T10:36:57.050Z] Checked if tokens are valid: true, expires at: 1732188911435
[debug] [2024-11-21T10:36:57.050Z] >>> [apiv2][query] GET https://firebase.googleapis.com/v1beta1/projects/crowd-funding-website [none]
[debug] [2024-11-21T10:37:05.295Z] <<< [apiv2][status] GET https://firebase.googleapis.com/v1beta1/projects/crowd-funding-website 200
[debug] [2024-11-21T10:37:05.295Z] <<< [apiv2][body] GET https://firebase.googleapis.com/v1beta1/projects/crowd-funding-website {"projectId":"crowd-funding-website","projectNumber":"664146101952","displayName":"crowd funding website","name":"projects/crowd-funding-website","resources":{"hostingSite":"crowd-funding-website"},"state":"ACTIVE","etag":"1_c9d57e63-04c9-40e6-90ad-6b96caeda3bd"}
[info] 
[info] Your public directory is the folder (relative to your project directory) that
[info] will contain Hosting assets to be uploaded with firebase deploy. If you
[info] have a build process for your assets, use your build's output directory.
[info] 
[info] +  Wrote public/404.html 
[debug] [2024-11-21T10:37:46.304Z] >>> [apiv2][query] GET https://www.gstatic.com/firebasejs/releases.json [none]
[debug] [2024-11-21T10:37:46.774Z] <<< [apiv2][status] GET https://www.gstatic.com/firebasejs/releases.json 200
[debug] [2024-11-21T10:37:46.775Z] <<< [apiv2][body] GET https://www.gstatic.com/firebasejs/releases.json {"current":{"version":"11.0.2","browserURL":"https://www.gstatic.com/firebasejs/11.0.2/firebase.js","packageURL":"https://www.gstatic.com/firebasejs/11.0.2/firebase.tgz"},"live":{"version":"11.0","browserURL":"https://www.gstatic.com/firebasejs/live/11.0/firebase.js","packageURL":"https://www.gstatic.com/firebasejs/live/11.0/firebase.tgz"},"components":{"analytics":"https://www.gstatic.com/firebasejs/11.0.2/firebase-analytics.js","app":"https://www.gstatic.com/firebasejs/11.0.2/firebase-app.js","app-check":"https://www.gstatic.com/firebasejs/11.0.2/firebase-app-check.js","auth":"https://www.gstatic.com/firebasejs/11.0.2/firebase-auth.js","auth/cordova":"https://www.gstatic.com/firebasejs/11.0.2/firebase-auth/cordova.js","auth/web-extension":"https://www.gstatic.com/firebasejs/11.0.2/firebase-auth/web-extension.js","functions":"https://www.gstatic.com/firebasejs/11.0.2/firebase-functions.js","firestore":"https://www.gstatic.com/firebasejs/11.0.2/firebase-firestore.js","firestore/lite":"https://www.gstatic.com/firebasejs/11.0.2/firebase-firestore/lite.js","installations":"https://www.gstatic.com/firebasejs/11.0.2/firebase-installations.js","storage":"https://www.gstatic.com/firebasejs/11.0.2/firebase-storage.js","performance":"https://www.gstatic.com/firebasejs/11.0.2/firebase-performance.js","remote-config":"https://www.gstatic.com/firebasejs/11.0.2/firebase-remote-config.js","messaging":"https://www.gstatic.com/firebasejs/11.0.2/firebase-messaging.js","messaging/sw":"https://www.gstatic.com/firebasejs/11.0.2/firebase-messaging/sw.js","database":"https://www.gstatic.com/firebasejs/11.0.2/firebase-database.js","vertexai":"https://www.gstatic.com/firebasejs/11.0.2/firebase-vertexai.js","data-connect":"https://www.gstatic.com/firebasejs/11.0.2/firebase-data-connect.js","firestore.memory":"https://www.gstatic.com/firebasejs/11.0.2/firebase-firestore.memory.js"}}
[info] +  Wrote public/index.html 
[info] 
[info] i  Didn't detect a .git folder. Assuming E:\Programming\Projects\FSD-Sem4-Project\ecf2 is the project root. 
[info] i  Authorizing with GitHub to upload your service account to a GitHub repository's secrets store. 
[info] 
[info] Visit this URL on this device to log in:
[info] https://github.com/login/oauth/authorize?client_id=89cf50f02ac6aaed3484&state=202460389&redirect_uri=http%3A%2F%2Flocalhost%3A9005&scope=read%3Auser%20repo%20public_repo
[info] 
[info] Waiting for authentication...
[debug] [2024-11-21T10:38:11.773Z] >>> [apiv2][query] POST https://github.com/login/oauth/access_token [none]
[debug] [2024-11-21T10:38:11.773Z] >>> [apiv2][body] POST https://github.com/login/oauth/access_token [stream]
[debug] [2024-11-21T10:38:12.753Z] <<< [apiv2][status] POST https://github.com/login/oauth/access_token 200
[debug] [2024-11-21T10:38:12.753Z] <<< [apiv2][body] POST https://github.com/login/oauth/access_token {"access_token":"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","token_type":"bearer","scope":"read:user,repo"}
[debug] [2024-11-21T10:38:12.759Z] >>> [apiv2][query] GET https://api.github.com/user [none]
[debug] [2024-11-21T10:38:13.154Z] <<< [apiv2][status] GET https://api.github.com/user 200
[debug] [2024-11-21T10:38:13.154Z] <<< [apiv2][body] GET https://api.github.com/user {"login":"kushalyadav29","id":102160975,"node_id":"U_kgDOBhbaTw","avatar_url":"https://avatars.githubusercontent.com/u/102160975?v=4","gravatar_id":"","url":"https://api.github.com/users/kushalyadav29","html_url":"https://github.com/kushalyadav29","followers_url":"https://api.github.com/users/kushalyadav29/followers","following_url":"https://api.github.com/users/kushalyadav29/following{/other_user}","gists_url":"https://api.github.com/users/kushalyadav29/gists{/gist_id}","starred_url":"https://api.github.com/users/kushalyadav29/starred{/owner}{/repo}","subscriptions_url":"https://api.github.com/users/kushalyadav29/subscriptions","organizations_url":"https://api.github.com/users/kushalyadav29/orgs","repos_url":"https://api.github.com/users/kushalyadav29/repos","events_url":"https://api.github.com/users/kushalyadav29/events{/privacy}","received_events_url":"https://api.github.com/users/kushalyadav29/received_events","type":"User","user_view_type":"private","site_admin":false,"name":null,"company":null,"blog":"","location":null,"email":null,"hireable":null,"bio":null,"twitter_username":null,"notification_email":null,"public_repos":2,"public_gists":0,"followers":1,"following":1,"created_at":"2022-03-22T13:08:14Z","updated_at":"2024-11-02T15:26:58Z","private_gists":0,"total_private_repos":5,"owned_private_repos":5,"disk_usage":1991,"collaborators":0,"two_factor_authentication":false,"plan":{"name":"free","space":976562499,"collaborators":0,"private_repos":10000}}
[info] 
[info] +  Success! Logged into GitHub as kushalyadav29 
[info] 
